{"level":"\u001b[32minfo\u001b[39m","message":"{\"method\":\"POST\",\"url\":\"/api/v1/users/register\",\"status\":\"500\",\"responseTime\":\"115.027\"}","timestamp":"2024-11-24T21:11:27.137Z"}
{"level":"\u001b[32minfo\u001b[39m","message":"{\"method\":\"POST\",\"url\":\"/api/v1/users/register\",\"status\":\"400\",\"responseTime\":\"22.310\"}","timestamp":"2024-11-24T21:16:25.926Z"}
{"level":"\u001b[32minfo\u001b[39m","message":"{\"method\":\"POST\",\"url\":\"/api/v1/users/register\",\"status\":\"500\",\"responseTime\":\"51.042\"}","timestamp":"2024-11-24T21:22:25.059Z"}
{"level":"\u001b[32minfo\u001b[39m","message":"{\"method\":\"POST\",\"url\":\"/api/v1/users/register\",\"status\":\"500\",\"responseTime\":\"145.556\"}","timestamp":"2024-11-24T22:01:44.744Z"}
{"level":"\u001b[32minfo\u001b[39m","message":"{\"method\":\"POST\",\"url\":\"/api/v1/users/register\",\"status\":\"500\",\"responseTime\":\"143.566\"}","timestamp":"2024-11-24T22:02:16.275Z"}
{"level":"\u001b[32minfo\u001b[39m","message":"{\"method\":\"POST\",\"url\":\"/api/v1/users/register\",\"status\":\"500\",\"responseTime\":\"151.126\"}","timestamp":"2024-11-24T22:04:57.328Z"}
{"level":"\u001b[32minfo\u001b[39m","message":"{\"method\":\"POST\",\"url\":\"/api/v1/users/register\",\"status\":\"500\",\"responseTime\":\"134.879\"}","timestamp":"2024-11-24T22:07:51.601Z"}
{"level":"\u001b[32minfo\u001b[39m","message":"{\"method\":\"POST\",\"url\":\"/api/v1/users/register\",\"status\":\"500\",\"responseTime\":\"206.423\"}","timestamp":"2024-11-24T22:10:31.412Z"}
{"level":"\u001b[32minfo\u001b[39m","message":"{\"method\":\"POST\",\"url\":\"/api/v1/users/register\",\"status\":\"500\",\"responseTime\":\"222.455\"}","timestamp":"2024-11-24T22:29:45.562Z"}
{"level":"\u001b[32minfo\u001b[39m","message":"{\"method\":\"POST\",\"url\":\"/api/v1/users/register\",\"status\":\"500\",\"responseTime\":\"178.004\"}","timestamp":"2024-11-24T22:32:49.612Z"}
{"level":"\u001b[32minfo\u001b[39m","message":"{\"method\":\"POST\",\"url\":\"/api/v1/users/register\",\"status\":\"500\",\"responseTime\":\"7510.640\"}","timestamp":"2024-11-24T22:33:28.882Z"}
{"level":"\u001b[32minfo\u001b[39m","message":"{\"method\":\"POST\",\"url\":\"/api/v1/users/register\",\"status\":\"201\",\"responseTime\":\"10195.313\"}","timestamp":"2024-11-24T22:44:23.625Z"}
{"level":"\u001b[32minfo\u001b[39m","message":"{\"method\":\"POST\",\"url\":\"/api/v1/users/register\",\"status\":\"409\",\"responseTime\":\"266.524\"}","timestamp":"2024-11-24T23:10:42.077Z"}
{"level":"\u001b[32minfo\u001b[39m","message":"{\"method\":\"POST\",\"url\":\"/api/v1/users/register\",\"status\":\"409\",\"responseTime\":\"145.052\"}","timestamp":"2024-11-24T23:12:03.590Z"}
{"level":"\u001b[32minfo\u001b[39m","message":"{\"method\":\"POST\",\"url\":\"/api/v1/users/register\",\"status\":\"500\",\"responseTime\":\"13807.004\"}","timestamp":"2024-11-24T23:12:47.964Z"}
{"level":"\u001b[32minfo\u001b[39m","message":"{\"method\":\"POST\",\"url\":\"/api/v1/users/register\",\"status\":\"201\",\"responseTime\":\"7581.297\"}","timestamp":"2024-11-24T23:16:37.001Z"}
{"level":"\u001b[32minfo\u001b[39m","message":"{\"method\":\"GET\",\"url\":\"/api/v1/healthCheck/\",\"status\":\"200\",\"responseTime\":\"2.504\"}","timestamp":"2024-11-24T23:24:47.603Z"}
{"level":"\u001b[32minfo\u001b[39m","message":"{\"method\":\"POST\",\"url\":\"/api/v1/users/register\",\"status\":\"500\",\"responseTime\":\"108.249\"}","timestamp":"2024-11-25T20:59:01.313Z"}
{"level":"\u001b[32minfo\u001b[39m","message":"{\"method\":\"POST\",\"url\":\"/api/v1/users/register\",\"status\":\"500\",\"responseTime\":\"91.778\"}","timestamp":"2024-11-25T21:01:26.185Z"}
{"level":"\u001b[32minfo\u001b[39m","message":"{\"method\":\"POST\",\"url\":\"/api/v1/users/register\",\"status\":\"500\",\"responseTime\":\"101.734\"}","timestamp":"2024-11-25T21:03:35.551Z"}
{"level":"\u001b[32minfo\u001b[39m","message":"{\"method\":\"POST\",\"url\":\"/api/v1/users/register\",\"status\":\"201\",\"responseTime\":\"6334.307\"}","timestamp":"2024-11-25T21:05:31.435Z"}
{"level":"\u001b[32minfo\u001b[39m","message":"{\"method\":\"POST\",\"url\":\"/api/v1/users/register\",\"status\":\"500\",\"responseTime\":\"8580.692\"}","timestamp":"2024-11-28T17:53:21.394Z"}
{"level":"\u001b[32minfo\u001b[39m","message":"{\"method\":\"POST\",\"url\":\"/api/v1/users/register\",\"status\":\"201\",\"responseTime\":\"6447.694\"}","timestamp":"2024-11-28T17:56:31.178Z"}
{"level":"\u001b[32minfo\u001b[39m","message":"{\"method\":\"POST\",\"url\":\"/api/v1/user/register\",\"status\":\"404\",\"responseTime\":\"4.974\"}","timestamp":"2024-12-03T11:54:31.463Z"}
{"level":"\u001b[32minfo\u001b[39m","message":"{\"method\":\"POST\",\"url\":\"/api/v1/users/register\",\"status\":\"201\",\"responseTime\":\"5894.674\"}","timestamp":"2024-12-03T11:55:33.842Z"}
{"level":"\u001b[32minfo\u001b[39m","message":"{\"method\":\"POST\",\"url\":\"/api/v1/users/register\",\"status\":\"201\",\"responseTime\":\"5639.572\"}","timestamp":"2024-12-03T12:09:33.855Z"}
{"level":"\u001b[32minfo\u001b[39m","message":"{\"method\":\"POST\",\"url\":\"/api/v1/users/login\",\"status\":\"500\",\"responseTime\":\"101.926\"}","timestamp":"2024-12-03T12:14:57.714Z"}
{"level":"\u001b[32minfo\u001b[39m","message":"{\"method\":\"POST\",\"url\":\"/api/v1/users/login\",\"status\":\"400\",\"responseTime\":\"1.304\"}","timestamp":"2024-12-03T12:21:17.158Z"}
{"level":"\u001b[32minfo\u001b[39m","message":"{\"method\":\"POST\",\"url\":\"/api/v1/users/login\",\"status\":\"500\",\"responseTime\":\"82.559\"}","timestamp":"2024-12-03T12:21:55.963Z"}
{"level":"\u001b[32minfo\u001b[39m","message":"{\"method\":\"POST\",\"url\":\"/api/v1/users/login\",\"status\":\"400\",\"responseTime\":\"0.725\"}","timestamp":"2024-12-03T12:22:17.121Z"}
{"level":"\u001b[32minfo\u001b[39m","message":"{\"method\":\"POST\",\"url\":\"/api/v1/users/login\",\"status\":\"500\",\"responseTime\":\"87.080\"}","timestamp":"2024-12-03T12:22:26.485Z"}
{"level":"\u001b[32minfo\u001b[39m","message":"{\"method\":\"POST\",\"url\":\"/api/v1/users/login\",\"status\":\"500\",\"responseTime\":\"144.159\"}","timestamp":"2024-12-03T12:23:58.379Z"}
{"level":"\u001b[32minfo\u001b[39m","message":"{\"method\":\"POST\",\"url\":\"/api/v1/users/login\",\"status\":\"500\",\"responseTime\":\"112.756\"}","timestamp":"2024-12-03T12:24:33.794Z"}
{"level":"\u001b[32minfo\u001b[39m","message":"{\"method\":\"POST\",\"url\":\"/api/v1/users/login\",\"status\":\"500\",\"responseTime\":\"131.196\"}","timestamp":"2024-12-03T12:28:24.117Z"}
{"level":"\u001b[32minfo\u001b[39m","message":"{\"method\":\"POST\",\"url\":\"/api/v1/users/login\",\"status\":\"500\",\"responseTime\":\"103.024\"}","timestamp":"2024-12-03T12:33:02.952Z"}
{"level":"\u001b[32minfo\u001b[39m","message":"{\"method\":\"POST\",\"url\":\"/api/v1/users/login\",\"status\":\"400\",\"responseTime\":\"1.613\"}","timestamp":"2024-12-03T12:33:36.949Z"}
{"level":"\u001b[32minfo\u001b[39m","message":"{\"method\":\"POST\",\"url\":\"/api/v1/users/login\",\"status\":\"500\",\"responseTime\":\"84.825\"}","timestamp":"2024-12-03T12:33:45.745Z"}
{"level":"\u001b[32minfo\u001b[39m","message":"{\"method\":\"POST\",\"url\":\"/api/v1/users/login\",\"status\":\"500\",\"responseTime\":\"113.279\"}","timestamp":"2024-12-03T12:38:35.923Z"}
{"level":"\u001b[32minfo\u001b[39m","message":"{\"method\":\"POST\",\"url\":\"/api/v1/users/login\",\"status\":\"500\",\"responseTime\":\"128.051\"}","timestamp":"2024-12-03T12:41:58.581Z"}
{"level":"\u001b[32minfo\u001b[39m","message":"{\"method\":\"POST\",\"url\":\"/api/v1/users/login\",\"status\":\"404\",\"responseTime\":\"115.718\"}","timestamp":"2024-12-03T12:44:09.818Z"}
{"level":"\u001b[32minfo\u001b[39m","message":"{\"method\":\"POST\",\"url\":\"/api/v1/users/login\",\"status\":\"500\",\"responseTime\":\"112.232\"}","timestamp":"2024-12-03T12:44:38.652Z"}
{"level":"\u001b[32minfo\u001b[39m","message":"{\"method\":\"POST\",\"url\":\"/api/v1/users/login\",\"status\":\"500\",\"responseTime\":\"86.769\"}","timestamp":"2024-12-03T12:45:16.302Z"}
{"level":"\u001b[32minfo\u001b[39m","message":"{\"method\":\"POST\",\"url\":\"/api/v1/users/login\",\"status\":\"500\",\"responseTime\":\"121.091\"}","timestamp":"2024-12-03T12:45:41.940Z"}
{"level":"\u001b[32minfo\u001b[39m","message":"{\"method\":\"POST\",\"url\":\"/api/v1/users/login\",\"status\":\"500\",\"responseTime\":\"120.996\"}","timestamp":"2024-12-03T12:46:25.893Z"}
{"level":"\u001b[32minfo\u001b[39m","message":"{\"method\":\"POST\",\"url\":\"/api/v1/users/login\",\"status\":\"500\",\"responseTime\":\"115.337\"}","timestamp":"2024-12-03T12:47:27.642Z"}
{"level":"\u001b[32minfo\u001b[39m","message":"{\"method\":\"POST\",\"url\":\"/api/v1/users/login\",\"status\":\"500\",\"responseTime\":\"94.064\"}","timestamp":"2024-12-03T12:49:01.939Z"}
{"level":"\u001b[32minfo\u001b[39m","message":"{\"method\":\"POST\",\"url\":\"/api/v1/users/login\",\"status\":\"500\",\"responseTime\":\"100.804\"}","timestamp":"2024-12-03T13:00:11.949Z"}
{"level":"\u001b[32minfo\u001b[39m","message":"{\"method\":\"POST\",\"url\":\"/api/v1/users/login\",\"status\":\"500\",\"responseTime\":\"83.528\"}","timestamp":"2024-12-03T13:01:20.833Z"}
{"level":"\u001b[32minfo\u001b[39m","message":"{\"method\":\"POST\",\"url\":\"/api/v1/users/login\",\"status\":\"500\",\"responseTime\":\"116.064\"}","timestamp":"2024-12-03T13:03:03.364Z"}
{"level":"\u001b[32minfo\u001b[39m","message":"{\"method\":\"POST\",\"url\":\"/api/v1/users/login\",\"status\":\"500\",\"responseTime\":\"130.206\"}","timestamp":"2024-12-03T13:06:36.737Z"}
{"level":"\u001b[32minfo\u001b[39m","message":"{\"method\":\"POST\",\"url\":\"/api/v1/users/login\",\"status\":\"500\",\"responseTime\":\"109.437\"}","timestamp":"2024-12-03T13:08:40.363Z"}
{"level":"\u001b[32minfo\u001b[39m","message":"{\"method\":\"POST\",\"url\":\"/api/v1/users/login\",\"status\":\"500\",\"responseTime\":\"119.507\"}","timestamp":"2024-12-03T13:12:26.787Z"}
{"level":"\u001b[32minfo\u001b[39m","message":"{\"method\":\"POST\",\"url\":\"/api/v1/users/login\",\"status\":\"500\",\"responseTime\":\"88.682\"}","timestamp":"2024-12-03T13:14:04.583Z"}
{"level":"\u001b[32minfo\u001b[39m","message":"{\"method\":\"POST\",\"url\":\"/api/v1/users/login\",\"status\":\"401\",\"responseTime\":\"148.425\"}","timestamp":"2024-12-03T13:22:53.214Z"}
{"level":"\u001b[32minfo\u001b[39m","message":"{\"method\":\"POST\",\"url\":\"/api/v1/users/login\",\"status\":\"500\",\"responseTime\":\"95.967\"}","timestamp":"2024-12-03T13:24:22.050Z"}
{"level":"\u001b[32minfo\u001b[39m","message":"{\"method\":\"POST\",\"url\":\"/api/v1/users/login\",\"status\":\"401\",\"responseTime\":\"102.887\"}","timestamp":"2024-12-03T13:24:41.648Z"}
{"level":"\u001b[32minfo\u001b[39m","message":"{\"method\":\"POST\",\"url\":\"/api/v1/users/login\",\"status\":\"401\",\"responseTime\":\"82.838\"}","timestamp":"2024-12-03T13:27:12.060Z"}
{"level":"\u001b[32minfo\u001b[39m","message":"{\"method\":\"POST\",\"url\":\"/api/v1/users/register\",\"status\":\"500\",\"responseTime\":\"118.550\"}","timestamp":"2024-12-03T13:29:30.392Z"}
{"level":"\u001b[32minfo\u001b[39m","message":"{\"method\":\"POST\",\"url\":\"/api/v1/users/register\",\"status\":\"201\",\"responseTime\":\"37533.863\"}","timestamp":"2024-12-03T13:30:40.953Z"}
{"level":"\u001b[32minfo\u001b[39m","message":"{\"method\":\"POST\",\"url\":\"/api/v1/users/register%20\",\"status\":\"404\",\"responseTime\":\"14.387\"}","timestamp":"2024-12-03T13:31:13.385Z"}
{"level":"\u001b[32minfo\u001b[39m","message":"{\"method\":\"POST\",\"url\":\"/api/v1/users/login\",\"status\":\"200\",\"responseTime\":\"420.087\"}","timestamp":"2024-12-03T13:31:59.085Z"}
{"level":"\u001b[32minfo\u001b[39m","message":"{\"method\":\"POST\",\"url\":\"/api/v1/users/login\",\"status\":\"401\",\"responseTime\":\"76.842\"}","timestamp":"2024-12-03T13:39:22.316Z"}
{"level":"\u001b[32minfo\u001b[39m","message":"{\"method\":\"POST\",\"url\":\"/api/v1/users/login\",\"status\":\"200\",\"responseTime\":\"396.386\"}","timestamp":"2024-12-03T13:39:53.791Z"}
{"level":"\u001b[32minfo\u001b[39m","message":"{\"method\":\"POST\",\"url\":\"/api/v1/users/logout\",\"status\":\"500\",\"responseTime\":\"178.421\"}","timestamp":"2024-12-03T13:44:09.172Z"}
{"level":"\u001b[32minfo\u001b[39m","message":"{\"method\":\"POST\",\"url\":\"/api/v1/users/logout\",\"status\":\"200\",\"responseTime\":\"154.760\"}","timestamp":"2024-12-03T13:46:54.946Z"}
{"level":"\u001b[32minfo\u001b[39m","message":"{\"method\":\"POST\",\"url\":\"/api/v1/users/logout\",\"status\":\"401\",\"responseTime\":\"3.592\"}","timestamp":"2024-12-03T13:47:37.594Z"}
{"level":"\u001b[32minfo\u001b[39m","message":"{\"method\":\"POST\",\"url\":\"/api/v1/users/login\",\"status\":\"200\",\"responseTime\":\"402.891\"}","timestamp":"2024-12-03T13:53:01.928Z"}
{"level":"\u001b[32minfo\u001b[39m","message":"{\"method\":\"POST\",\"url\":\"/api/v1/users/change-password\",\"status\":\"200\",\"responseTime\":\"407.328\"}","timestamp":"2024-12-03T13:53:35.300Z"}
{"level":"\u001b[32minfo\u001b[39m","message":"{\"method\":\"POST\",\"url\":\"/api/v1/users/login\",\"status\":\"401\",\"responseTime\":\"148.101\"}","timestamp":"2024-12-03T13:54:39.530Z"}
{"level":"\u001b[32minfo\u001b[39m","message":"{\"method\":\"POST\",\"url\":\"/api/v1/users/login\",\"status\":\"200\",\"responseTime\":\"343.996\"}","timestamp":"2024-12-03T13:54:50.791Z"}
{"level":"\u001b[32minfo\u001b[39m","message":"{\"method\":\"GET\",\"url\":\"/api/v1/users/current-user\",\"status\":\"200\",\"responseTime\":\"109.110\"}","timestamp":"2024-12-03T13:56:48.265Z"}
{"level":"\u001b[32minfo\u001b[39m","message":"{\"method\":\"PATCH\",\"url\":\"/api/v1/users/update-account\",\"status\":\"200\",\"responseTime\":\"183.109\"}","timestamp":"2024-12-03T13:58:46.236Z"}
{"level":"\u001b[32minfo\u001b[39m","message":"{\"method\":\"PATCH\",\"url\":\"/api/v1/users/update-account\",\"status\":\"200\",\"responseTime\":\"153.586\"}","timestamp":"2024-12-03T13:59:56.551Z"}
{"level":"\u001b[32minfo\u001b[39m","message":"{\"method\":\"PATCH\",\"url\":\"/api/v1/users/update-account\",\"status\":\"-\",\"responseTime\":\"-\"}","timestamp":"2024-12-03T14:03:28.069Z"}
{"level":"\u001b[32minfo\u001b[39m","message":"{\"method\":\"GET\",\"url\":\"/api/v1/users/current-user\",\"status\":\"200\",\"responseTime\":\"689.370\"}","timestamp":"2024-12-03T14:03:32.365Z"}
{"level":"\u001b[32minfo\u001b[39m","message":"{\"method\":\"GET\",\"url\":\"/api/v1/users/current-user\",\"status\":\"200\",\"responseTime\":\"106.509\"}","timestamp":"2024-12-03T14:03:41.925Z"}
{"level":"\u001b[32minfo\u001b[39m","message":"{\"method\":\"GET\",\"url\":\"/api/v1/users/current-user\",\"status\":\"200\",\"responseTime\":\"71.224\"}","timestamp":"2024-12-03T14:03:47.614Z"}
{"level":"\u001b[32minfo\u001b[39m","message":"{\"method\":\"GET\",\"url\":\"/api/v1/users/current-user\",\"status\":\"200\",\"responseTime\":\"104.795\"}","timestamp":"2024-12-03T14:04:03.715Z"}
{"level":"\u001b[32minfo\u001b[39m","message":"{\"method\":\"POST\",\"url\":\"/api/v1/users/current-user\",\"status\":\"404\",\"responseTime\":\"2.293\"}","timestamp":"2024-12-03T14:10:52.284Z"}
{"level":"\u001b[32minfo\u001b[39m","message":"{\"method\":\"POST\",\"url\":\"/api/v1/users/current-user\",\"status\":\"404\",\"responseTime\":\"1.123\"}","timestamp":"2024-12-03T14:10:52.348Z"}
{"level":"\u001b[32minfo\u001b[39m","message":"{\"method\":\"POST\",\"url\":\"/api/v1/users/register\",\"status\":\"201\",\"responseTime\":\"6255.143\"}","timestamp":"2024-12-03T16:28:07.276Z"}
{"level":"\u001b[32minfo\u001b[39m","message":"{\"method\":\"POST\",\"url\":\"/api/v1/users/register\",\"status\":\"201\",\"responseTime\":\"6137.508\"}","timestamp":"2024-12-03T19:00:40.972Z"}
{"level":"\u001b[32minfo\u001b[39m","message":"{\"method\":\"POST\",\"url\":\"/api/v1/users/logout\",\"status\":\"401\",\"responseTime\":\"21.627\"}","timestamp":"2024-12-03T19:01:03.636Z"}
{"level":"\u001b[32minfo\u001b[39m","message":"{\"method\":\"POST\",\"url\":\"/api/v1/users/login\",\"status\":\"200\",\"responseTime\":\"394.848\"}","timestamp":"2024-12-03T19:01:22.146Z"}
{"level":"\u001b[32minfo\u001b[39m","message":"{\"method\":\"POST\",\"url\":\"/api/v1/users/logout\",\"status\":\"200\",\"responseTime\":\"158.026\"}","timestamp":"2024-12-03T19:01:37.631Z"}
{"level":"\u001b[32minfo\u001b[39m","message":"{\"method\":\"POST\",\"url\":\"/api/v1/users/register\",\"status\":\"201\",\"responseTime\":\"6321.094\"}","timestamp":"2024-12-06T09:33:13.866Z"}
{"level":"\u001b[32minfo\u001b[39m","message":"{\"method\":\"POST\",\"url\":\"/api/v1/users/login\",\"status\":\"200\",\"responseTime\":\"457.347\"}","timestamp":"2024-12-06T09:33:47.181Z"}
{"level":"\u001b[32minfo\u001b[39m","message":"{\"method\":\"GET\",\"url\":\"/api/v1/users/channel/:sidhu123\",\"status\":\"500\",\"responseTime\":\"383.093\"}","timestamp":"2024-12-06T09:36:21.928Z"}
{"level":"\u001b[32minfo\u001b[39m","message":"{\"method\":\"PATCH\",\"url\":\"/api/v1/users/channel/update-avatar\",\"status\":\"404\",\"responseTime\":\"4.479\"}","timestamp":"2024-12-06T09:41:37.582Z"}
{"level":"\u001b[32minfo\u001b[39m","message":"{\"method\":\"PATCH\",\"url\":\"/api/v1/users/channel/update-avatar\",\"status\":\"404\",\"responseTime\":\"2.457\"}","timestamp":"2024-12-06T09:46:03.110Z"}
{"level":"\u001b[32minfo\u001b[39m","message":"{\"method\":\"PATCH\",\"url\":\"/api/v1/users/channel/update-avatar\",\"status\":\"404\",\"responseTime\":\"0.885\"}","timestamp":"2024-12-06T09:48:12.027Z"}
{"level":"\u001b[32minfo\u001b[39m","message":"{\"method\":\"PATCH\",\"url\":\"/api/v1/users/update-avatar\",\"status\":\"200\",\"responseTime\":\"4294.272\"}","timestamp":"2024-12-06T09:48:30.441Z"}
{"level":"\u001b[32minfo\u001b[39m","message":"{\"method\":\"PATCH\",\"url\":\"/api/v1/users/update-coverImage\",\"status\":\"500\",\"responseTime\":\"121.759\"}","timestamp":"2024-12-06T09:50:04.003Z"}
{"level":"\u001b[32minfo\u001b[39m","message":"{\"method\":\"PATCH\",\"url\":\"/api/v1/users/update-coverImage\",\"status\":\"500\",\"responseTime\":\"108.452\"}","timestamp":"2024-12-06T09:52:10.143Z"}
{"level":"\u001b[32minfo\u001b[39m","message":"{\"method\":\"PATCH\",\"url\":\"/api/v1/users/update-coverImage\",\"status\":\"200\",\"responseTime\":\"4572.138\"}","timestamp":"2024-12-06T09:52:52.131Z"}
{"level":"\u001b[32minfo\u001b[39m","message":"{\"method\":\"GET\",\"url\":\"/api/v1/users/channel/sidhu123\",\"status\":\"500\",\"responseTime\":\"200.068\"}","timestamp":"2024-12-06T09:53:42.170Z"}
{"level":"\u001b[32minfo\u001b[39m","message":"{\"method\":\"GET\",\"url\":\"/api/v1/users/history\",\"status\":\"500\",\"responseTime\":\"119.718\"}","timestamp":"2024-12-06T09:54:24.328Z"}
{"level":"\u001b[32minfo\u001b[39m","message":"{\"method\":\"GET\",\"url\":\"/api/v1/users/history\",\"status\":\"200\",\"responseTime\":\"171.035\"}","timestamp":"2024-12-06T09:56:41.941Z"}
{"level":"\u001b[32minfo\u001b[39m","message":"{\"method\":\"GET\",\"url\":\"/api/v1/users/channel/sidhu123\",\"status\":\"500\",\"responseTime\":\"208.123\"}","timestamp":"2024-12-06T10:00:08.860Z"}
{"level":"\u001b[32minfo\u001b[39m","message":"{\"method\":\"GET\",\"url\":\"/api/v1/users/channel/sidhu123\",\"status\":\"500\",\"responseTime\":\"194.825\"}","timestamp":"2024-12-06T10:02:36.667Z"}
{"level":"\u001b[32minfo\u001b[39m","message":"{\"method\":\"GET\",\"url\":\"/api/v1/users/channel/sidhu123\",\"status\":\"200\",\"responseTime\":\"497.080\"}","timestamp":"2024-12-06T10:11:48.079Z"}
{"level":"\u001b[32minfo\u001b[39m","message":"{\"method\":\"GET\",\"url\":\"/api/v1/users/history\",\"status\":\"200\",\"responseTime\":\"168.419\"}","timestamp":"2024-12-06T10:13:00.143Z"}
{"level":"\u001b[32minfo\u001b[39m","message":"{\"method\":\"GET\",\"url\":\"/api/v1/users/current-user\",\"status\":\"200\",\"responseTime\":\"87.855\"}","timestamp":"2024-12-06T10:13:24.913Z"}
{"level":"\u001b[32minfo\u001b[39m","message":"{\"method\":\"POST\",\"url\":\"/api/v1/users/logout\",\"status\":\"200\",\"responseTime\":\"239.682\"}","timestamp":"2024-12-06T10:13:56.574Z"}
